<?xml version="1.0" encoding="UTF-8"?>
<testng-results skipped="0" failed="0" ignored="0" total="4" passed="4">
  <reporter-output>
  </reporter-output>
  <suite name="Default suite" duration-ms="93461" started-at="2020-05-22T00:57:27Z" finished-at="2020-05-22T00:59:01Z">
    <groups>
    </groups>
    <test name="Default test" duration-ms="93461" started-at="2020-05-22T00:57:27Z" finished-at="2020-05-22T00:59:01Z">
      <class name="runner.TestLogin">
        <test-method status="PASS" signature="init()[pri:0, instance:runner.TestLogin@61f8bee4]" name="init" is-config="true" duration-ms="43308" started-at="2020-05-22T00:57:27Z" finished-at="2020-05-22T00:58:10Z">
          <reporter-output>
          </reporter-output>
        </test-method> <!-- init -->
        <test-method status="PASS" signature="CT01_validarLoginComSucesso()[pri:0, instance:runner.TestLogin@61f8bee4]" name="CT01_validarLoginComSucesso" duration-ms="21434" started-at="2020-05-22T00:58:10Z" finished-at="2020-05-22T00:58:32Z">
          <reporter-output>
          </reporter-output>
        </test-method> <!-- CT01_validarLoginComSucesso -->
        <test-method status="PASS" signature="CT02_validarSenhaInvalida()[pri:0, instance:runner.TestLogin@61f8bee4]" name="CT02_validarSenhaInvalida" duration-ms="11554" started-at="2020-05-22T00:58:32Z" finished-at="2020-05-22T00:58:43Z">
          <reporter-output>
          </reporter-output>
        </test-method> <!-- CT02_validarSenhaInvalida -->
        <test-method status="PASS" signature="CT03_validarCPFInvalido()[pri:0, instance:runner.TestLogin@61f8bee4]" name="CT03_validarCPFInvalido" duration-ms="9784" started-at="2020-05-22T00:58:43Z" finished-at="2020-05-22T00:58:53Z">
          <reporter-output>
          </reporter-output>
        </test-method> <!-- CT03_validarCPFInvalido -->
        <test-method status="PASS" signature="CT04_validarCPFNaoInformado()[pri:0, instance:runner.TestLogin@61f8bee4]" name="CT04_validarCPFNaoInformado" duration-ms="4964" started-at="2020-05-22T00:58:53Z" finished-at="2020-05-22T00:58:58Z">
          <reporter-output>
          </reporter-output>
        </test-method> <!-- CT04_validarCPFNaoInformado -->
        <test-method status="PASS" signature="quitDriver()[pri:0, instance:runner.TestLogin@61f8bee4]" name="quitDriver" is-config="true" duration-ms="2386" started-at="2020-05-22T00:58:58Z" finished-at="2020-05-22T00:59:01Z">
          <reporter-output>
          </reporter-output>
        </test-method> <!-- quitDriver -->
      </class> <!-- runner.TestLogin -->
    </test> <!-- Default test -->
  </suite> <!-- Default suite -->
</testng-results>
